2025-09-15 00:00:07 [container-creator] INFO  com.PBL.lab.judge0.docker.ContainerPool - Created new container: 238d47ee3ea718f9758e3d3b6b460297a23aa51202289bc25bea37da6647cb0e (total: 2)
2025-09-15 00:00:07 [container-creator] INFO  com.PBL.lab.judge0.docker.ContainerPool - Created new container: f2b8dffc17601b129775e0606eca166d887b6161ace87969d312461a515f5462 (total: 3)
2025-09-15 00:00:07 [container-creator] INFO  com.PBL.lab.judge0.docker.ContainerPool - Created new container: cbea8c336c3d12b07d961e5c3bd612e0af1d4cc0f2afa0eba764769a23af4cc1 (total: 4)
2025-09-15 00:00:07 [container-creator] INFO  com.PBL.lab.judge0.docker.ContainerPool - Created new container: 2e1b4a47201cfc3e6a6fad41858b313263660ad820b853a232c20211d7efbcba (total: 5)
2025-09-15 00:05:12 [container-creator] INFO  com.PBL.lab.judge0.docker.ContainerPool - Created new container: ba6dcbfcecb175f6417a937aa12b9dea3db4bfb52cf00ad1851fbae7bcbfbad9 (total: 5)
2025-09-15 00:06:19 [container-creator] INFO  com.PBL.lab.judge0.docker.ContainerPool - Created new container: 1149d025e9f9d9c1bb1f0e64f8fa4fc3c8d3950e4b4e612b5e2079b566896b9d (total: 5)
2025-09-15 00:06:33 [container-creator] INFO  com.PBL.lab.judge0.docker.ContainerPool - Created new container: 4c4fbccfa24f4446bb00d91418b6922b2994f6adef392a855dc2137a58a71945 (total: 3)
2025-09-15 00:06:33 [container-creator] INFO  com.PBL.lab.judge0.docker.ContainerPool - Created new container: 8257430aade4b9c09f294498a8fdc4a28856a8b4e7304c3b28fdb4166e5efc23 (total: 4)
2025-09-15 00:06:33 [container-creator] INFO  com.PBL.lab.judge0.docker.ContainerPool - Created new container: 7f428b481bce0f5da7c2eac54f280d86a6b28017e4628fa96fa504f147548dce (total: 5)
2025-09-15 00:10:38 [container-creator] INFO  com.PBL.lab.judge0.docker.ContainerPool - Created new container: 858af8dd5ac718d8867f2d4c713898aa48d5219c2ea4b58ec731d1531660cb90 (total: 5)
2025-09-15 00:11:50 [container-creator] INFO  com.PBL.lab.judge0.docker.ContainerPool - Created new container: 2c9bc6b29ff13335e3c7e98142a54a3d700151ed219912982476bc0240f7864b (total: 4)
2025-09-15 00:11:50 [container-creator] INFO  com.PBL.lab.judge0.docker.ContainerPool - Created new container: c428ad24ea19de5e58ed7d2d4af36dc24dde982bfac3451fdfdaf3a60996334b (total: 5)
2025-09-15 00:11:58 [container-creator] INFO  com.PBL.lab.judge0.docker.ContainerPool - Created new container: 345136bc7e1c7903c684a1a001e02b0a97de04cad97088f9d65d36da258cb3b5 (total: 4)
2025-09-15 00:11:58 [container-creator] INFO  com.PBL.lab.judge0.docker.ContainerPool - Created new container: 47f0a010bd53e039bcb279efcffedef23c02989f1433a4303a811075535819a0 (total: 5)
2025-09-15 00:16:03 [container-creator] INFO  com.PBL.lab.judge0.docker.ContainerPool - Created new container: d0ebb62b2aae414b05216f03f1fbccec8f69d4c18b78b7e463568de89b013b54 (total: 5)
2025-09-15 00:17:20 [container-creator] INFO  com.PBL.lab.judge0.docker.ContainerPool - Created new container: ef6cf3aca148181ba0d3287a8c8f7172ebcae73f4768cb997b2d0e334d0223ad (total: 3)
2025-09-15 00:17:20 [container-creator] INFO  com.PBL.lab.judge0.docker.ContainerPool - Created new container: 74b47c8d8e8eb87c6a23593774ce432881d68d61ac2b4a4de6b066a8a1449ce5 (total: 4)
2025-09-15 00:17:20 [container-creator] INFO  com.PBL.lab.judge0.docker.ContainerPool - Created new container: 5e3dd38eddbbbaf600da9a2387a2edb57a8bdc83dea2873eb732e39bb063718c (total: 5)
2025-09-15 00:17:24 [container-creator] INFO  com.PBL.lab.judge0.docker.ContainerPool - Created new container: 42cce170334351a339844403686dd5b8e1ce034526a630748a01877d908fa508 (total: 5)
2025-09-15 00:21:29 [container-creator] INFO  com.PBL.lab.judge0.docker.ContainerPool - Created new container: f310dbd32c17d4cef3aa78e7f2606cecb2a5c372062f937117511016d052bff4 (total: 5)
2025-09-15 00:22:48 [container-pool-maintenance] INFO  com.PBL.lab.judge0.docker.ContainerPool - Scaling up pool by 3 containers
2025-09-15 00:22:48 [container-creator] INFO  com.PBL.lab.judge0.docker.ContainerPool - Created new container: af023a5647d2b2c9d451df8f58692df9f453b16a305620a490691660620af876 (total: 3)
2025-09-15 00:22:48 [container-creator] INFO  com.PBL.lab.judge0.docker.ContainerPool - Created new container: 3f35c1c4b367de624dafcb03c5073f8c0d24d873c0cc04cc4ec76a5e6f0db2b8 (total: 4)
2025-09-15 00:22:48 [container-creator] INFO  com.PBL.lab.judge0.docker.ContainerPool - Created new container: 3cebc2db28612a992b1e3a6b16a7c4457dec5d9bfa98cba57ae4f91bdc7aa0a6 (total: 5)
2025-09-15 00:22:50 [container-creator] INFO  com.PBL.lab.judge0.docker.ContainerPool - Created new container: b8f66fd8b03fdf819cf1c879ac5f827ac2bad3dadfab7a8ccaec43cec9dda96c (total: 5)
2025-09-15 00:26:55 [container-creator] INFO  com.PBL.lab.judge0.docker.ContainerPool - Created new container: 45dfddddfed4346aaadd46f567fe8144a3d15b44e4646976be96f03e745fe8e2 (total: 5)
2025-09-15 00:28:15 [container-creator] INFO  com.PBL.lab.judge0.docker.ContainerPool - Created new container: c721f986532e1cc2c466041acba36dddad86a0052c9f767d916e49152a04ceda (total: 2)
2025-09-15 00:28:15 [container-creator] INFO  com.PBL.lab.judge0.docker.ContainerPool - Created new container: 4ede4bd1c860f4ee154035c306bc81436cb3cf3d7527dc41f8d8dba289cffd54 (total: 3)
2025-09-15 00:28:15 [container-creator] INFO  com.PBL.lab.judge0.docker.ContainerPool - Created new container: 8240ab4cc69463e7a355c906d0227aaffda9af4ca008c57514d72a0fa2c15abc (total: 4)
2025-09-15 00:28:15 [container-creator] INFO  com.PBL.lab.judge0.docker.ContainerPool - Created new container: a514bafaf0dcb4e3a970c66fb4eea87c71e415a671210fdfe4b4b6c25e567846 (total: 5)
2025-09-15 00:28:19 [backgroundjob-zookeeper-pool-4-thread-2] INFO  o.j.s.t.CheckForNewJobRunrVersion - JobRunr version 8.0.0-beta.1 is available.
2025-09-15 00:28:20 [backgroundjob-zookeeper-pool-2-thread-1] INFO  o.j.s.t.CheckForNewJobRunrVersion - JobRunr version 8.0.0-beta.1 is available.
2025-09-15 00:32:20 [container-creator] INFO  com.PBL.lab.judge0.docker.ContainerPool - Created new container: 712f46cc58f4da42d1a896b89efe36e0f4871d10ac65bc0cd0b37433a6cfdaa7 (total: 5)
2025-09-15 00:33:41 [container-creator] INFO  com.PBL.lab.judge0.docker.ContainerPool - Created new container: ea18c427aca71bff0f6becb2c5f74347e4ff52f8ee5e1c9421f6ce3392115cbd (total: 2)
2025-09-15 00:33:41 [container-creator] INFO  com.PBL.lab.judge0.docker.ContainerPool - Created new container: 8f23250eeff11e72108be26117fb4833e003304ba608e28cd3f4224e7e3a7573 (total: 3)
2025-09-15 00:33:41 [container-creator] INFO  com.PBL.lab.judge0.docker.ContainerPool - Created new container: e7f4b45b5b8943d303e09d78fb91fa5e86ea7b842c770307d780d0978cc714b2 (total: 4)
2025-09-15 00:33:41 [container-creator] INFO  com.PBL.lab.judge0.docker.ContainerPool - Created new container: ea6229af37c2fbf1dbd71feb2596ffdff9c32af108c54850be4d81e87953ec63 (total: 5)
2025-09-15 00:37:46 [container-creator] INFO  com.PBL.lab.judge0.docker.ContainerPool - Created new container: bf0af1a103cd1bd7f216a799254b7caad1654889ca8ba80e267b48ef08eeaf85 (total: 5)
2025-09-15 00:39:06 [container-creator] INFO  com.PBL.lab.judge0.docker.ContainerPool - Created new container: ea2996873b223ba82dbbd2f84a4188951ce52b72958fe3af8420bfe7b284bad9 (total: 2)
2025-09-15 00:39:06 [container-creator] INFO  com.PBL.lab.judge0.docker.ContainerPool - Created new container: 0434d9721c1b268d27f125749abb793fb78e82d19c106296b8cf7b9739c9bd9d (total: 3)
2025-09-15 00:39:06 [container-creator] INFO  com.PBL.lab.judge0.docker.ContainerPool - Created new container: 9259eb9653a613f2358abb156c08f6301ccb447b7598faa76ab703edaa517d11 (total: 4)
2025-09-15 00:39:06 [container-creator] INFO  com.PBL.lab.judge0.docker.ContainerPool - Created new container: a5f70e9265e0b7024a00e3b5f6b32d7c53f11a57fdd7611984d08b4f71ade668 (total: 5)
2025-09-15 00:43:12 [container-creator] INFO  com.PBL.lab.judge0.docker.ContainerPool - Created new container: 9d72d901f570ab31417d0b8f35d63926c93ad785f2875b051982d196584fe4f6 (total: 5)
2025-09-15 00:44:21 [container-creator] INFO  com.PBL.lab.judge0.docker.ContainerPool - Created new container: 1265d4df2c17a7d982a240414ff2ec61bbc1af10d6b76d1b0606600baf1770a8 (total: 5)
2025-09-15 00:44:32 [container-creator] INFO  com.PBL.lab.judge0.docker.ContainerPool - Created new container: 317e200499eb31bd98212a00242f41084cf77a2c475d73855ef323d1fc2f5f76 (total: 3)
2025-09-15 00:44:32 [container-creator] INFO  com.PBL.lab.judge0.docker.ContainerPool - Created new container: f0957471c316d0e9a162e84c8c01de8e1fbd62d34c1ef44e94c50c3b85538978 (total: 4)
2025-09-15 00:44:32 [container-creator] INFO  com.PBL.lab.judge0.docker.ContainerPool - Created new container: 90a5d3c4ae099f23890b5ab99f64224f2d079700a4546b941a5c545873d588a8 (total: 5)
2025-09-15 00:48:37 [container-creator] INFO  com.PBL.lab.judge0.docker.ContainerPool - Created new container: 0ec653561b579b18dcffe21432c59d213f3134c265a7c1fb09c8e30272bc285f (total: 5)
2025-09-15 00:49:52 [container-creator] INFO  com.PBL.lab.judge0.docker.ContainerPool - Created new container: 14418830cf9f7158328e6cbad2e889830fa1ccfed6b247f7e0ea2efcaaab007f (total: 4)
2025-09-15 00:49:52 [container-creator] INFO  com.PBL.lab.judge0.docker.ContainerPool - Created new container: 6cf6230e1f69237d6528603fd5c25d139785f1c183f346570fcb6277e155f987 (total: 5)
2025-09-15 00:49:58 [container-creator] INFO  com.PBL.lab.judge0.docker.ContainerPool - Created new container: b47b55f44f0a5913f01dc3177b215b2f48c8babbb27c070635fd4ae21d7fc2ef (total: 4)
2025-09-15 00:49:58 [container-creator] INFO  com.PBL.lab.judge0.docker.ContainerPool - Created new container: 2cd636c02eb85536e2aa437af7b4340916eb50326692df3f1fd5920e32c786d2 (total: 5)
2025-09-15 00:54:03 [container-creator] INFO  com.PBL.lab.judge0.docker.ContainerPool - Created new container: 26c9c092d75f940647a136a39af76f2872e19a205e63ae562bd6c187ceccd72c (total: 5)
2025-09-15 00:55:18 [container-pool-maintenance] INFO  com.PBL.lab.judge0.docker.ContainerPool - Scaling up pool by 3 containers
2025-09-15 00:55:18 [container-creator] INFO  com.PBL.lab.judge0.docker.ContainerPool - Created new container: 29ec6e869088db5f9d31ea28366904cfc0b6df64b00a859127f9ff46fdfe3aa3 (total: 3)
2025-09-15 00:55:18 [container-creator] INFO  com.PBL.lab.judge0.docker.ContainerPool - Created new container: cb923d33855507751ed7613ff2d3858871956a8d31fbc7ed83c12a0dcd64d693 (total: 4)
2025-09-15 00:55:18 [container-creator] INFO  com.PBL.lab.judge0.docker.ContainerPool - Created new container: 93ebc0a18369a52de55aa68dc6b2eee62ac58c521b934eb46ae99b584ec04924 (total: 5)
2025-09-15 00:55:23 [container-creator] INFO  com.PBL.lab.judge0.docker.ContainerPool - Created new container: ca71b0bd553c594e4cc181beb90e3514098718addf4e301fb3e3b7d86cd4a6c1 (total: 5)
2025-09-15 00:59:28 [container-creator] INFO  com.PBL.lab.judge0.docker.ContainerPool - Created new container: 6bd6beda4e2464ccad0bfd1562666954ceab219fcd72b0db9986b70a9b8b7a1b (total: 5)
2025-09-15 01:00:48 [container-pool-maintenance] INFO  com.PBL.lab.judge0.docker.ContainerPool - Scaling up pool by 3 containers
2025-09-15 01:00:48 [container-creator] INFO  com.PBL.lab.judge0.docker.ContainerPool - Created new container: 24f9acaea57ba93edcc83ac8aed36b092c39657b873468c8b6e68148aa11d2fe (total: 3)
2025-09-15 01:00:48 [container-creator] INFO  com.PBL.lab.judge0.docker.ContainerPool - Created new container: 3cfe74e2e7f985551fd12be71d32808db2913c817625f2f0f4e00d57ff66a8f7 (total: 4)
2025-09-15 01:00:48 [container-creator] INFO  com.PBL.lab.judge0.docker.ContainerPool - Created new container: 8ae5dfdd24403aa1f981b49a5dc24bafedfcc75e54685a9b7d353634c4dc32e9 (total: 5)
2025-09-15 01:00:49 [container-creator] INFO  com.PBL.lab.judge0.docker.ContainerPool - Created new container: c8f8498500f3718d1a32c0f20e80c9478e73731d8a3f9ed25fbdccaa661caee3 (total: 5)
2025-09-15 01:04:54 [container-creator] INFO  com.PBL.lab.judge0.docker.ContainerPool - Created new container: 08d4d3108824ef2af2d9bc9762c9f7f6031d5265ba83d2e58f985223be7ab021 (total: 5)
2025-09-15 01:06:14 [container-creator] INFO  com.PBL.lab.judge0.docker.ContainerPool - Created new container: e0e7ef9b6952d6a4341cb74761e682367db5a3e541f3dc987c8098cdfdd9cf7f (total: 2)
2025-09-15 01:06:15 [container-creator] INFO  com.PBL.lab.judge0.docker.ContainerPool - Created new container: d4ca45c345cd4983f14697a67df960fa69b8ec37835251a77d079457068a17b5 (total: 3)
2025-09-15 01:06:15 [container-creator] INFO  com.PBL.lab.judge0.docker.ContainerPool - Created new container: b2fb8b912d84dc854c5ce132a1fc6001263f5f16660a54cee455a4047ca1cfc4 (total: 4)
2025-09-15 01:06:15 [container-creator] INFO  com.PBL.lab.judge0.docker.ContainerPool - Created new container: f423cdf15c2df25b6bd9feb5db608f8be65d80e9935ea9e64b500569c6f3ce1b (total: 5)
2025-09-15 01:10:20 [container-creator] INFO  com.PBL.lab.judge0.docker.ContainerPool - Created new container: cafd1b26d8a491ea0512917831eeaff64fa00584c384d4736973ae888350f211 (total: 5)
2025-09-15 01:11:40 [container-creator] INFO  com.PBL.lab.judge0.docker.ContainerPool - Created new container: 7af8b183a746db3f60c91963c673fef755ad72bb11721d48b18ab770d3684369 (total: 2)
2025-09-15 01:11:40 [container-creator] INFO  com.PBL.lab.judge0.docker.ContainerPool - Created new container: 88f301fe0978403b7e8cb108bc90a2176f20b64c461afb9ada0794bbe806252e (total: 3)
2025-09-15 01:11:40 [container-creator] INFO  com.PBL.lab.judge0.docker.ContainerPool - Created new container: a148eb49cfe0dedde778b13a7a1f840d92fc5d38fa1395008a6f29f5761f1d18 (total: 4)
2025-09-15 01:11:40 [container-creator] INFO  com.PBL.lab.judge0.docker.ContainerPool - Created new container: 7f014993f54f51b4e7ec55e3ee82f903e99cb4f2b1fa56b733a4ff1283eac67c (total: 5)
2025-09-15 01:15:45 [container-creator] INFO  com.PBL.lab.judge0.docker.ContainerPool - Created new container: a923781de05f7035114f58d9f2cb3152c4c1e579b6e2df2ad319222089de7c00 (total: 5)
2025-09-15 01:16:53 [container-creator] INFO  com.PBL.lab.judge0.docker.ContainerPool - Created new container: 2dccb22bf03cbe2a768ae84b15f92b05755222805e61e47fda8ed8f6087d6af0 (total: 5)
2025-09-15 01:17:06 [container-creator] INFO  com.PBL.lab.judge0.docker.ContainerPool - Created new container: 2661ec078b9e5c79019a18aaa210ef2de377105e9f49e5906a3d3d7ae444cffb (total: 3)
2025-09-15 01:17:06 [container-creator] INFO  com.PBL.lab.judge0.docker.ContainerPool - Created new container: 3d76446051518df52be4d5e7bdd5a05b338e76cdb1c9ecd5fe3a14bb4ba28324 (total: 4)
2025-09-15 01:17:06 [container-creator] INFO  com.PBL.lab.judge0.docker.ContainerPool - Created new container: 72a161ab09aa2314628c1d62164aba4beb7d809c96719043704406228fd320b0 (total: 5)
2025-09-15 01:21:11 [container-creator] INFO  com.PBL.lab.judge0.docker.ContainerPool - Created new container: 053d76367a6166baf819f6bb4423c5f927fb55b51c57bcf3c248b5fdefc3cb3f (total: 5)
2025-09-15 01:22:23 [container-creator] INFO  com.PBL.lab.judge0.docker.ContainerPool - Created new container: 768a47175c448b2302516a69505eb9d536bc4f4fc697564095de296158748bca (total: 4)
2025-09-15 01:22:23 [container-creator] INFO  com.PBL.lab.judge0.docker.ContainerPool - Created new container: 9ca2cf1b5e9cdc1cef3a406cf15461706e4a08fb1ed0acebcbb671161182e41e (total: 5)
2025-09-15 01:22:31 [container-creator] INFO  com.PBL.lab.judge0.docker.ContainerPool - Created new container: a86c2ddaee1654e00b23199804af9f20179d890d6d3f3d738b015a43db82bb2e (total: 4)
2025-09-15 01:22:31 [container-creator] INFO  com.PBL.lab.judge0.docker.ContainerPool - Created new container: a46bce8e00d3ae07d62c74bfdf7a9d9980b035d9be8b5c815973c32006758e41 (total: 5)
2025-09-15 01:26:36 [container-creator] INFO  com.PBL.lab.judge0.docker.ContainerPool - Created new container: 6e5cb04ea339b5e1e687229f7d4f208c07afc7662c4cc4a792a2db08d9c2004a (total: 5)
2025-09-15 01:27:53 [container-creator] INFO  com.PBL.lab.judge0.docker.ContainerPool - Created new container: efe1de70cfd020de9542bebce06c961a02535fea8b24d4160a2b89e3029bd8ce (total: 3)
2025-09-15 01:27:53 [container-creator] INFO  com.PBL.lab.judge0.docker.ContainerPool - Created new container: bb530db2a2571ff540ee4c5de2fc3b2ee659515f9d3069bdeac78c388c28b7e8 (total: 4)
2025-09-15 01:27:53 [container-creator] INFO  com.PBL.lab.judge0.docker.ContainerPool - Created new container: dd021841523086d8b061a87f7fb7215e2883b091aaedb68e7e2bfb55ff9a1d30 (total: 5)
2025-09-15 01:27:57 [container-creator] INFO  com.PBL.lab.judge0.docker.ContainerPool - Created new container: 742a19f62f4840b4b85a872109f9034d0a25f5c9e83f79e502568da0f83f85cb (total: 5)
2025-09-15 01:32:02 [container-creator] INFO  com.PBL.lab.judge0.docker.ContainerPool - Created new container: f0d1cde8b7278f3e8abd947d62d3081f1b96b6d3b6bef54df8b41f71e8246a44 (total: 5)
2025-09-15 01:33:18 [container-pool-maintenance] INFO  com.PBL.lab.judge0.docker.ContainerPool - Scaling up pool by 3 containers
2025-09-15 01:33:19 [container-creator] INFO  com.PBL.lab.judge0.docker.ContainerPool - Created new container: f470e9e01e8c74b929a3b5da93d02c18d56ed0059d09f84c70e5c94873a5c2f4 (total: 3)
2025-09-15 01:33:19 [container-creator] INFO  com.PBL.lab.judge0.docker.ContainerPool - Created new container: f05bec87a6147872259936607b802c3e2e83c6cc3d5c27908bb40fa266605b89 (total: 4)
2025-09-15 01:33:19 [container-creator] INFO  com.PBL.lab.judge0.docker.ContainerPool - Created new container: 02a9e5e7eb5aa2e42d7120d0df78001fa24b5403941972b5ed6503bbb16f3f1f (total: 5)
2025-09-15 01:33:23 [container-creator] INFO  com.PBL.lab.judge0.docker.ContainerPool - Created new container: 51f42bdbf1b825cd5a216d690345a9dd715aa10391b8dc2345748184eda47369 (total: 5)
2025-09-15 01:37:28 [container-creator] INFO  com.PBL.lab.judge0.docker.ContainerPool - Created new container: 3fafc8f3317d46834a74d6cfdae735d051447c310e275f2d0ad04f6bb06aa0b0 (total: 5)
2025-09-15 01:38:48 [container-creator] INFO  com.PBL.lab.judge0.docker.ContainerPool - Created new container: 189ff48040b50a040c9cd12d20a12fca2bd8048f1e72ad89f9e0f78a2d0d46e2 (total: 2)
2025-09-15 01:38:48 [container-creator] INFO  com.PBL.lab.judge0.docker.ContainerPool - Created new container: 6b2285dcaf1e509f4ce66c553642d9583604df937242a2111e010d1c7547836a (total: 3)
2025-09-15 01:38:48 [container-creator] INFO  com.PBL.lab.judge0.docker.ContainerPool - Created new container: 7158d07b6ef4c97f263390a104e519c0fdeb8a52e49b86581b9acb39757d16d2 (total: 4)
2025-09-15 01:38:48 [container-creator] INFO  com.PBL.lab.judge0.docker.ContainerPool - Created new container: 380bd42a4246967c28475db0849275a161c2f1a7d0127b07810a491ccade0232 (total: 5)
2025-09-15 01:41:30 [extShutdownHook] INFO  o.jobrunr.server.BackgroundJobServer - BackgroundJobServer and BackgroundJobPerformers - stopping (waiting for all jobs to complete - max 10 seconds)
2025-09-15 01:41:30 [extShutdownHook] INFO  o.jobrunr.server.BackgroundJobServer - BackgroundJobServer and BackgroundJobPerformers stopped
